<?xml version="1.0" encoding="UTF-8" ?>
<testsuite tests="4" failures="1" name="TestSuite" time="12.341" errors="0" skipped="0">
  <properties>
[...]
</properties>
  <testcase classname="com.food.LoginTest" name="Test1" time="0.817"/>
  <testcase classname="com.food.LoginTest" name="Test2" time="5.3"/>
  <testcase classname="com.food.LoginTest" name="Test3" time="2.886">
    <failure message="Expected condition failed: waiting for alert to be present (tried for 2 second(s) with 500 milliseconds interval)
Build info: version: &apos;3.14.0&apos;, revision: &apos;aacccce0&apos;, time: &apos;2018-08-02T20:19:58.91Z&apos;
System info: host: &apos;MSI&apos;, ip: &apos;192.168.10.101&apos;, os.name: &apos;Windows 10&apos;, os.arch: &apos;amd64&apos;, os.version: &apos;10.0&apos;, java.version: &apos;1.8.0_271&apos;
Driver info: org.openqa.selenium.chrome.ChromeDriver
Capabilities {acceptInsecureCerts: false, browserName: chrome, browserVersion: 91.0.4472.77, chrome: {chromedriverVersion: 91.0.4472.19 (1bf021f248676..., userDataDir: C:\Users\moham\AppData\Loca...}, goog:chromeOptions: {debuggerAddress: localhost:60272}, javascriptEnabled: true, networkConnectionEnabled: false, pageLoadStrategy: normal, platform: WINDOWS, platformName: WINDOWS, proxy: Proxy(), setWindowRect: true, strictFileInteractability: false, timeouts: {implicit: 0, pageLoad: 300000, script: 30000}, unhandledPromptBehavior: dismiss and notify, webauthn:extension:largeBlob: true, webauthn:virtualAuthenticators: true}
Session ID: 2c9d69cd69217f844978509ba9af84a2" type="org.openqa.selenium.TimeoutException">org.openqa.selenium.TimeoutException: Expected condition failed: waiting for alert to be present (tried for 2 second(s) with 500 milliseconds interval)
Build info: version: &apos;3.14.0&apos;, revision: &apos;aacccce0&apos;, time: &apos;2018-08-02T20:19:58.91Z&apos;
System info: host: &apos;MSI&apos;, ip: &apos;192.168.10.101&apos;, os.name: &apos;Windows 10&apos;, os.arch: &apos;amd64&apos;, os.version: &apos;10.0&apos;, java.version: &apos;1.8.0_271&apos;
Driver info: org.openqa.selenium.chrome.ChromeDriver
Capabilities {acceptInsecureCerts: false, browserName: chrome, browserVersion: 91.0.4472.77, chrome: {chromedriverVersion: 91.0.4472.19 (1bf021f248676..., userDataDir: C:\Users\moham\AppData\Loca...}, goog:chromeOptions: {debuggerAddress: localhost:60272}, javascriptEnabled: true, networkConnectionEnabled: false, pageLoadStrategy: normal, platform: WINDOWS, platformName: WINDOWS, proxy: Proxy(), setWindowRect: true, strictFileInteractability: false, timeouts: {implicit: 0, pageLoad: 300000, script: 30000}, unhandledPromptBehavior: dismiss and notify, webauthn:extension:largeBlob: true, webauthn:virtualAuthenticators: true}
Session ID: 2c9d69cd69217f844978509ba9af84a2
	at org.openqa.selenium.support.ui.WebDriverWait.timeoutException(WebDriverWait.java:113)
	at org.openqa.selenium.support.ui.FluentWait.until(FluentWait.java:283)
	at com.food.LoginTest.Test3(LoginTest.java:57)
</failure>
  </testcase>
  <testcase classname="com.food.AppTest" name="testApp on instance testApp(com.food.AppTest)" time="3.338"/>
</testsuite>