<?xml version="1.0" encoding="UTF-8"?>
<testng-results total="2" passed="2" failed="0" skipped="0">
  <reporter-output>
  </reporter-output>
  <suite started-at="2021-05-16T14:43:44Z" name="Default suite" finished-at="2021-05-16T14:43:53Z" duration-ms="9120">
    <groups>
    </groups>
    <test started-at="2021-05-16T14:43:44Z" name="Default test" finished-at="2021-05-16T14:43:53Z" duration-ms="9120">
      <class name="com.config.test.RegistrationTest">
        <test-method is-config="true" signature="config()" started-at="2021-05-16T14:43:44Z" name="config" finished-at="2021-05-16T14:43:50Z" duration-ms="6163" status="PASS">
        </test-method>
        <test-method signature="Test1()" started-at="2021-05-16T14:43:50Z" name="Test1" description="Sign up click Button" finished-at="2021-05-16T14:43:50Z" duration-ms="95" status="PASS">
        </test-method>
        <test-method signature="Test2()" started-at="2021-05-16T14:43:50Z" name="Test2" description="Sign up form fill" finished-at="2021-05-16T14:43:53Z" duration-ms="2849" status="PASS">
        </test-method>
      </class>
    </test>
  </suite>
</testng-results>
