<?xml version="1.0" encoding="UTF-8"?>
<testng-results skipped="0" failed="0" total="1" passed="1">
  <reporter-output>
  </reporter-output>
  <suite name="Command line suite" duration-ms="80" started-at="2021-06-09T19:03:13Z" finished-at="2021-06-09T19:03:13Z">
    <groups>
    </groups>
    <test name="Command line test" duration-ms="80" started-at="2021-06-09T19:03:13Z" finished-at="2021-06-09T19:03:13Z">
      <class name="com.food.AppTest">
        <test-method status="PASS" signature="testApp()" name="testApp on instance testApp(com.food.AppTest)" duration-ms="31" started-at="2021-06-09T19:03:13Z" finished-at="2021-06-09T19:03:13Z">
        </test-method>
      </class>
    </test>
  </suite>
</testng-results>
